<?xml version="1.0" encoding="UTF-8" ?>
<testsuites>
  <testsuite errors="1" failures="2" hostname="DESKTOP-U6HTQGI" id="0" name="calculatorTest" package="wwt" skipped="0" tests="10" time="0.119" timestamp="2022-05-10T09:01:35">
      <properties>
[...]
</properties>

      <testcase classname="wwt.calculatorTest" name="testSquare" time="0.002" />

      <testcase classname="wwt.calculatorTest" name="testSquareRoot" time="0.022">
          <error message="test timed out after 10 milliseconds" type="java.lang.Exception">java.lang.Exception: test timed out after 10 milliseconds
	at wwt.calculator.squareRoot(Unknown Source)
	at wwt.calculatorTest.testSquareRoot(Unknown Source)
	at java.base@16.0.2/jdk.internal.reflect.NativeMethodAccessorImpl.invoke0(Native Method)
	at java.base@16.0.2/jdk.internal.reflect.NativeMethodAccessorImpl.invoke(NativeMethodAccessorImpl.java:78)
	at java.base@16.0.2/jdk.internal.reflect.DelegatingMethodAccessorImpl.invoke(DelegatingMethodAccessorImpl.java:43)
</error>

      </testcase>

      <testcase classname="wwt.calculatorTest" name="testClear" time="0.0" />

      <testcase classname="wwt.calculatorTest" name="testMultiply" time="0.002">
          <failure message="expected:&lt;20&gt; but was:&lt;10&gt;" type="junit.framework.AssertionFailedError">junit.framework.AssertionFailedError: expected:&lt;20&gt; but was:&lt;10&gt;
	at wwt.calculatorTest.testMultiply(Unknown Source)
	at java.base/jdk.internal.reflect.NativeMethodAccessorImpl.invoke0(Native Method)
	at java.base/jdk.internal.reflect.NativeMethodAccessorImpl.invoke(NativeMethodAccessorImpl.java:78)
	at java.base/jdk.internal.reflect.DelegatingMethodAccessorImpl.invoke(DelegatingMethodAccessorImpl.java:43)
	at java.base/jdk.internal.reflect.NativeMethodAccessorImpl.invoke0(Native Method)
	at java.base/jdk.internal.reflect.NativeMethodAccessorImpl.invoke(NativeMethodAccessorImpl.java:78)
	at java.base/jdk.internal.reflect.DelegatingMethodAccessorImpl.invoke(DelegatingMethodAccessorImpl.java:43)
	at org.eclipse.ant.internal.launching.remote.EclipseDefaultExecutor.executeTargets(EclipseDefaultExecutor.java:39)
	at org.eclipse.ant.internal.launching.remote.InternalAntRunner.run(InternalAntRunner.java:461)
	at org.eclipse.ant.internal.launching.remote.InternalAntRunner.main(InternalAntRunner.java:143)
</failure>

      </testcase>

      <testcase classname="wwt.calculatorTest" name="testAdd" time="0.001" />

      <testcase classname="wwt.calculatorTest" name="testAdd1" time="0.0" />

      <testcase classname="wwt.calculatorTest" name="testDivide1" time="0.0" />

      <testcase classname="wwt.calculatorTest" name="testDivide" time="0.0" />

      <testcase classname="wwt.calculatorTest" name="testSubstract" time="0.001">
          <failure message="expected:&lt;8&gt; but was:&lt;9&gt;" type="junit.framework.AssertionFailedError">junit.framework.AssertionFailedError: expected:&lt;8&gt; but was:&lt;9&gt;
	at wwt.calculatorTest.testSubstract(Unknown Source)
	at java.base/jdk.internal.reflect.NativeMethodAccessorImpl.invoke0(Native Method)
	at java.base/jdk.internal.reflect.NativeMethodAccessorImpl.invoke(NativeMethodAccessorImpl.java:78)
	at java.base/jdk.internal.reflect.DelegatingMethodAccessorImpl.invoke(DelegatingMethodAccessorImpl.java:43)
	at java.base/jdk.internal.reflect.NativeMethodAccessorImpl.invoke0(Native Method)
	at java.base/jdk.internal.reflect.NativeMethodAccessorImpl.invoke(NativeMethodAccessorImpl.java:78)
	at java.base/jdk.internal.reflect.DelegatingMethodAccessorImpl.invoke(DelegatingMethodAccessorImpl.java:43)
	at org.eclipse.ant.internal.launching.remote.EclipseDefaultExecutor.executeTargets(EclipseDefaultExecutor.java:39)
	at org.eclipse.ant.internal.launching.remote.InternalAntRunner.run(InternalAntRunner.java:461)
	at org.eclipse.ant.internal.launching.remote.InternalAntRunner.main(InternalAntRunner.java:143)
</failure>

      </testcase>

      <testcase classname="wwt.calculatorTest" name="testGetResult" time="0.0" />

      <system-out><![CDATA[]]></system-out>

      <system-err><![CDATA[]]></system-err>

  </testsuite>
</testsuites>
